-- The C compiler identification is GNU 11.4.0
-- The CXX compiler identification is GNU 11.4.0
-- Detecting C compiler ABI info
-- Detecting C compiler ABI info - done
-- Check for working C compiler: /usr/bin/cc - skipped
-- Detecting C compile features
-- Detecting C compile features - done
-- Detecting CXX compiler ABI info
-- Detecting CXX compiler ABI info - done
-- Check for working CXX compiler: /usr/bin/c++ - skipped
-- Detecting CXX compile features
-- Detecting CXX compile features - done
-- Found ament_cmake: 1.3.13 (/opt/ros/humble/share/ament_cmake/cmake)
-- Found Python3: /usr/bin/python3 (found version "3.10.12") found components: Interpreter 
-- Found urdf: 2.6.1 (/opt/ros/humble/share/urdf/cmake)
-- Found ament_lint_auto: 0.12.15 (/opt/ros/humble/share/ament_lint_auto/cmake)
-- Added test 'lint_cmake' to check CMake code style
-- Added test 'xmllint' to check XML markup files
-- Configuring done
-- Generating done
-- Build files have been written to: /home/yh_ros2/rus_back_end/build/fairino_description
-- Install configuration: ""
-- Installing: /home/yh_ros2/rus_back_end/install/fairino_description/share/fairino_description/meshes
-- Installing: /home/yh_ros2/rus_back_end/install/fairino_description/share/fairino_description/meshes/FR5WM
-- Installing: /home/yh_ros2/rus_back_end/install/fairino_description/share/fairino_description/meshes/FR5WM/collision
-- Installing: /home/yh_ros2/rus_back_end/install/fairino_description/share/fairino_description/meshes/FR5WM/collision/upperarm_Link.STL
-- Installing: /home/yh_ros2/rus_back_end/install/fairino_description/share/fairino_description/meshes/FR5WM/collision/wrist1_Link.STL
-- Installing: /home/yh_ros2/rus_back_end/install/fairino_description/share/fairino_description/meshes/FR5WM/collision/shoulder_Link.STL
-- Installing: /home/yh_ros2/rus_back_end/install/fairino_description/share/fairino_description/meshes/FR5WM/collision/wrist3_Link.STL
-- Installing: /home/yh_ros2/rus_back_end/install/fairino_description/share/fairino_description/meshes/FR5WM/collision/forearm_Link.STL
-- Installing: /home/yh_ros2/rus_back_end/install/fairino_description/share/fairino_description/meshes/FR5WM/collision/base_link.STL
-- Installing: /home/yh_ros2/rus_back_end/install/fairino_description/share/fairino_description/meshes/FR5WM/collision/wrist2_Link.STL
-- Installing: /home/yh_ros2/rus_back_end/install/fairino_description/share/fairino_description/meshes/FR5WM/visual
-- Installing: /home/yh_ros2/rus_back_end/install/fairino_description/share/fairino_description/meshes/FR5WM/visual/forearm_Link.dae
-- Installing: /home/yh_ros2/rus_back_end/install/fairino_description/share/fairino_description/meshes/FR5WM/visual/wrist3_Link.dae
-- Installing: /home/yh_ros2/rus_back_end/install/fairino_description/share/fairino_description/meshes/FR5WM/visual/base_link.dae
-- Installing: /home/yh_ros2/rus_back_end/install/fairino_description/share/fairino_description/meshes/FR5WM/visual/wrist2_Link.dae
-- Installing: /home/yh_ros2/rus_back_end/install/fairino_description/share/fairino_description/meshes/FR5WM/visual/wrist1_Link.dae
-- Installing: /home/yh_ros2/rus_back_end/install/fairino_description/share/fairino_description/meshes/FR5WM/visual/shoulder_Link.dae
-- Installing: /home/yh_ros2/rus_back_end/install/fairino_description/share/fairino_description/meshes/FR5WM/visual/upperarm_Link.dae
-- Installing: /home/yh_ros2/rus_back_end/install/fairino_description/share/fairino_description/meshes/FR3WMS
-- Installing: /home/yh_ros2/rus_back_end/install/fairino_description/share/fairino_description/meshes/FR3WMS/collision
-- Installing: /home/yh_ros2/rus_back_end/install/fairino_description/share/fairino_description/meshes/FR3WMS/collision/upperarm_Link.STL
-- Installing: /home/yh_ros2/rus_back_end/install/fairino_description/share/fairino_description/meshes/FR3WMS/collision/wrist1_Link.STL
-- Installing: /home/yh_ros2/rus_back_end/install/fairino_description/share/fairino_description/meshes/FR3WMS/collision/shoulder_Link.STL
-- Installing: /home/yh_ros2/rus_back_end/install/fairino_description/share/fairino_description/meshes/FR3WMS/collision/wrist3_Link.STL
-- Installing: /home/yh_ros2/rus_back_end/install/fairino_description/share/fairino_description/meshes/FR3WMS/collision/forearm_Link.STL
-- Installing: /home/yh_ros2/rus_back_end/install/fairino_description/share/fairino_description/meshes/FR3WMS/collision/base_link.STL
-- Installing: /home/yh_ros2/rus_back_end/install/fairino_description/share/fairino_description/meshes/FR3WMS/collision/wrist2_Link.STL
-- Installing: /home/yh_ros2/rus_back_end/install/fairino_description/share/fairino_description/meshes/FR3WMS/visual
-- Installing: /home/yh_ros2/rus_back_end/install/fairino_description/share/fairino_description/meshes/FR3WMS/visual/forearm_Link.dae
-- Installing: /home/yh_ros2/rus_back_end/install/fairino_description/share/fairino_description/meshes/FR3WMS/visual/wrist3_Link.dae
-- Installing: /home/yh_ros2/rus_back_end/install/fairino_description/share/fairino_description/meshes/FR3WMS/visual/base_link.dae
-- Installing: /home/yh_ros2/rus_back_end/install/fairino_description/share/fairino_description/meshes/FR3WMS/visual/wrist2_Link.dae
-- Installing: /home/yh_ros2/rus_back_end/install/fairino_description/share/fairino_description/meshes/FR3WMS/visual/wrist1_Link.dae
-- Installing: /home/yh_ros2/rus_back_end/install/fairino_description/share/fairino_description/meshes/FR3WMS/visual/shoulder_Link.dae
-- Installing: /home/yh_ros2/rus_back_end/install/fairino_description/share/fairino_description/meshes/FR3WMS/visual/upperarm_Link.dae
-- Installing: /home/yh_ros2/rus_back_end/install/fairino_description/share/fairino_description/meshes/fairino3_mt_v6
-- Installing: /home/yh_ros2/rus_back_end/install/fairino_description/share/fairino_description/meshes/fairino3_mt_v6/wrist2_link.STL
-- Installing: /home/yh_ros2/rus_back_end/install/fairino_description/share/fairino_description/meshes/fairino3_mt_v6/forearm_link.STL
-- Installing: /home/yh_ros2/rus_back_end/install/fairino_description/share/fairino_description/meshes/fairino3_mt_v6/wrist1_link.STL
-- Installing: /home/yh_ros2/rus_back_end/install/fairino_description/share/fairino_description/meshes/fairino3_mt_v6/base_link.STL
-- Installing: /home/yh_ros2/rus_back_end/install/fairino_description/share/fairino_description/meshes/fairino3_mt_v6/shoulder_link.STL
-- Installing: /home/yh_ros2/rus_back_end/install/fairino_description/share/fairino_description/meshes/fairino3_mt_v6/wrist3_link.STL
-- Installing: /home/yh_ros2/rus_back_end/install/fairino_description/share/fairino_description/meshes/fairino3_mt_v6/upperarm_link.STL
-- Installing: /home/yh_ros2/rus_back_end/install/fairino_description/share/fairino_description/meshes/fairino30_v6
-- Installing: /home/yh_ros2/rus_back_end/install/fairino_description/share/fairino_description/meshes/fairino30_v6/wrist2_link.STL
-- Installing: /home/yh_ros2/rus_back_end/install/fairino_description/share/fairino_description/meshes/fairino30_v6/forearm_link.STL
-- Installing: /home/yh_ros2/rus_back_end/install/fairino_description/share/fairino_description/meshes/fairino30_v6/wrist1_link.STL
-- Installing: /home/yh_ros2/rus_back_end/install/fairino_description/share/fairino_description/meshes/fairino30_v6/base_link.STL
-- Installing: /home/yh_ros2/rus_back_end/install/fairino_description/share/fairino_description/meshes/fairino30_v6/uppperarm_link.STL
-- Installing: /home/yh_ros2/rus_back_end/install/fairino_description/share/fairino_description/meshes/fairino30_v6/tool_link.STL
-- Installing: /home/yh_ros2/rus_back_end/install/fairino_description/share/fairino_description/meshes/fairino30_v6/shoulder_link.STL
-- Installing: /home/yh_ros2/rus_back_end/install/fairino_description/share/fairino_description/meshes/fairino30_v6/wrist3_link.STL
-- Installing: /home/yh_ros2/rus_back_end/install/fairino_description/share/fairino_description/meshes/fairino16_v6
-- Installing: /home/yh_ros2/rus_back_end/install/fairino_description/share/fairino_description/meshes/fairino16_v6/wrist2_link.STL
-- Installing: /home/yh_ros2/rus_back_end/install/fairino_description/share/fairino_description/meshes/fairino16_v6/forearm_link.STL
-- Installing: /home/yh_ros2/rus_back_end/install/fairino_description/share/fairino_description/meshes/fairino16_v6/wrist1_link.STL
-- Installing: /home/yh_ros2/rus_back_end/install/fairino_description/share/fairino_description/meshes/fairino16_v6/base_link.STL
-- Installing: /home/yh_ros2/rus_back_end/install/fairino_description/share/fairino_description/meshes/fairino16_v6/shoulder_link.STL
-- Installing: /home/yh_ros2/rus_back_end/install/fairino_description/share/fairino_description/meshes/fairino16_v6/wrist3_link.STL
-- Installing: /home/yh_ros2/rus_back_end/install/fairino_description/share/fairino_description/meshes/fairino16_v6/upperarm_link.STL
-- Installing: /home/yh_ros2/rus_back_end/install/fairino_description/share/fairino_description/meshes/fairino20_v6
-- Installing: /home/yh_ros2/rus_back_end/install/fairino_description/share/fairino_description/meshes/fairino20_v6/wrist2_link.STL
-- Installing: /home/yh_ros2/rus_back_end/install/fairino_description/share/fairino_description/meshes/fairino20_v6/forearm_link.STL
-- Installing: /home/yh_ros2/rus_back_end/install/fairino_description/share/fairino_description/meshes/fairino20_v6/wrist1_link.STL
-- Installing: /home/yh_ros2/rus_back_end/install/fairino_description/share/fairino_description/meshes/fairino20_v6/base_link.STL
-- Installing: /home/yh_ros2/rus_back_end/install/fairino_description/share/fairino_description/meshes/fairino20_v6/shoulder_link.STL
-- Installing: /home/yh_ros2/rus_back_end/install/fairino_description/share/fairino_description/meshes/fairino20_v6/wrist3_link.STL
-- Installing: /home/yh_ros2/rus_back_end/install/fairino_description/share/fairino_description/meshes/fairino20_v6/upperarm_link.STL
-- Installing: /home/yh_ros2/rus_back_end/install/fairino_description/share/fairino_description/meshes/fairino5_v6
-- Installing: /home/yh_ros2/rus_back_end/install/fairino_description/share/fairino_description/meshes/fairino5_v6/wrist2_link.STL
-- Installing: /home/yh_ros2/rus_back_end/install/fairino_description/share/fairino_description/meshes/fairino5_v6/forearm_link.STL
-- Installing: /home/yh_ros2/rus_back_end/install/fairino_description/share/fairino_description/meshes/fairino5_v6/wrist1_link.STL
-- Installing: /home/yh_ros2/rus_back_end/install/fairino_description/share/fairino_description/meshes/fairino5_v6/base_link.STL
-- Installing: /home/yh_ros2/rus_back_end/install/fairino_description/share/fairino_description/meshes/fairino5_v6/shoulder_link.STL
-- Installing: /home/yh_ros2/rus_back_end/install/fairino_description/share/fairino_description/meshes/fairino5_v6/wrist3_link.STL
-- Installing: /home/yh_ros2/rus_back_end/install/fairino_description/share/fairino_description/meshes/fairino5_v6/upperarm_link.STL
-- Installing: /home/yh_ros2/rus_back_end/install/fairino_description/share/fairino_description/meshes/fairino10_v6
-- Installing: /home/yh_ros2/rus_back_end/install/fairino_description/share/fairino_description/meshes/fairino10_v6/wrist2_link.STL
-- Installing: /home/yh_ros2/rus_back_end/install/fairino_description/share/fairino_description/meshes/fairino10_v6/forearm_link.STL
-- Installing: /home/yh_ros2/rus_back_end/install/fairino_description/share/fairino_description/meshes/fairino10_v6/wrist1_link.STL
-- Installing: /home/yh_ros2/rus_back_end/install/fairino_description/share/fairino_description/meshes/fairino10_v6/base_link.STL
-- Installing: /home/yh_ros2/rus_back_end/install/fairino_description/share/fairino_description/meshes/fairino10_v6/shoulder_link.STL
-- Installing: /home/yh_ros2/rus_back_end/install/fairino_description/share/fairino_description/meshes/fairino10_v6/wrist3_link.STL
-- Installing: /home/yh_ros2/rus_back_end/install/fairino_description/share/fairino_description/meshes/fairino10_v6/upperarm_link.STL
-- Installing: /home/yh_ros2/rus_back_end/install/fairino_description/share/fairino_description/meshes/fairino3_v6
-- Installing: /home/yh_ros2/rus_back_end/install/fairino_description/share/fairino_description/meshes/fairino3_v6/wrist2_link.STL
-- Installing: /home/yh_ros2/rus_back_end/install/fairino_description/share/fairino_description/meshes/fairino3_v6/forearm_link.STL
-- Installing: /home/yh_ros2/rus_back_end/install/fairino_description/share/fairino_description/meshes/fairino3_v6/wrist1_link.STL
-- Installing: /home/yh_ros2/rus_back_end/install/fairino_description/share/fairino_description/meshes/fairino3_v6/base_link.STL
-- Installing: /home/yh_ros2/rus_back_end/install/fairino_description/share/fairino_description/meshes/fairino3_v6/shoulder_link.STL
-- Installing: /home/yh_ros2/rus_back_end/install/fairino_description/share/fairino_description/meshes/fairino3_v6/wrist3_link.STL
-- Installing: /home/yh_ros2/rus_back_end/install/fairino_description/share/fairino_description/meshes/fairino3_v6/upperarm_link.STL
-- Installing: /home/yh_ros2/rus_back_end/install/fairino_description/share/fairino_description/meshes/FR3WML
-- Installing: /home/yh_ros2/rus_back_end/install/fairino_description/share/fairino_description/meshes/FR3WML/collision
-- Installing: /home/yh_ros2/rus_back_end/install/fairino_description/share/fairino_description/meshes/FR3WML/collision/upperarm_Link.STL
-- Installing: /home/yh_ros2/rus_back_end/install/fairino_description/share/fairino_description/meshes/FR3WML/collision/wrist1_Link.STL
-- Installing: /home/yh_ros2/rus_back_end/install/fairino_description/share/fairino_description/meshes/FR3WML/collision/shoulder_Link.STL
-- Installing: /home/yh_ros2/rus_back_end/install/fairino_description/share/fairino_description/meshes/FR3WML/collision/wrist3_Link.STL
-- Installing: /home/yh_ros2/rus_back_end/install/fairino_description/share/fairino_description/meshes/FR3WML/collision/forearm_Link.STL
-- Installing: /home/yh_ros2/rus_back_end/install/fairino_description/share/fairino_description/meshes/FR3WML/collision/base_link.STL
-- Installing: /home/yh_ros2/rus_back_end/install/fairino_description/share/fairino_description/meshes/FR3WML/collision/wrist2_Link.STL
-- Installing: /home/yh_ros2/rus_back_end/install/fairino_description/share/fairino_description/meshes/FR3WML/visual
-- Installing: /home/yh_ros2/rus_back_end/install/fairino_description/share/fairino_description/meshes/FR3WML/visual/forearm_Link.dae
-- Installing: /home/yh_ros2/rus_back_end/install/fairino_description/share/fairino_description/meshes/FR3WML/visual/wrist3_Link.dae
-- Installing: /home/yh_ros2/rus_back_end/install/fairino_description/share/fairino_description/meshes/FR3WML/visual/base_link.dae
-- Installing: /home/yh_ros2/rus_back_end/install/fairino_description/share/fairino_description/meshes/FR3WML/visual/wrist2_Link.dae
-- Installing: /home/yh_ros2/rus_back_end/install/fairino_description/share/fairino_description/meshes/FR3WML/visual/wrist1_Link.dae
-- Installing: /home/yh_ros2/rus_back_end/install/fairino_description/share/fairino_description/meshes/FR3WML/visual/shoulder_Link.dae
-- Installing: /home/yh_ros2/rus_back_end/install/fairino_description/share/fairino_description/meshes/FR3WML/visual/upperarm_Link.dae
-- Installing: /home/yh_ros2/rus_back_end/install/fairino_description/share/fairino_description/urdf
-- Installing: /home/yh_ros2/rus_back_end/install/fairino_description/share/fairino_description/urdf/fairino10_v6.urdf
-- Installing: /home/yh_ros2/rus_back_end/install/fairino_description/share/fairino_description/urdf/FR5WM.urdf
-- Installing: /home/yh_ros2/rus_back_end/install/fairino_description/share/fairino_description/urdf/fairino5_v6.urdf
-- Installing: /home/yh_ros2/rus_back_end/install/fairino_description/share/fairino_description/urdf/fairino3_mt_v6.urdf
-- Installing: /home/yh_ros2/rus_back_end/install/fairino_description/share/fairino_description/urdf/fairino20_v6.urdf
-- Installing: /home/yh_ros2/rus_back_end/install/fairino_description/share/fairino_description/urdf/fairino3_v6.urdf
-- Installing: /home/yh_ros2/rus_back_end/install/fairino_description/share/fairino_description/urdf/fairino30_v6.urdf
-- Installing: /home/yh_ros2/rus_back_end/install/fairino_description/share/fairino_description/urdf/FR3WML.urdf
-- Installing: /home/yh_ros2/rus_back_end/install/fairino_description/share/fairino_description/urdf/fairino16_v6.urdf
-- Installing: /home/yh_ros2/rus_back_end/install/fairino_description/share/fairino_description/urdf/FR3WMS.urdf
-- Installing: /home/yh_ros2/rus_back_end/install/fairino_description/share/ament_index/resource_index/package_run_dependencies/fairino_description
-- Installing: /home/yh_ros2/rus_back_end/install/fairino_description/share/ament_index/resource_index/parent_prefix_path/fairino_description
-- Installing: /home/yh_ros2/rus_back_end/install/fairino_description/share/fairino_description/environment/ament_prefix_path.sh
-- Installing: /home/yh_ros2/rus_back_end/install/fairino_description/share/fairino_description/environment/ament_prefix_path.dsv
-- Installing: /home/yh_ros2/rus_back_end/install/fairino_description/share/fairino_description/environment/path.sh
-- Installing: /home/yh_ros2/rus_back_end/install/fairino_description/share/fairino_description/environment/path.dsv
-- Installing: /home/yh_ros2/rus_back_end/install/fairino_description/share/fairino_description/local_setup.bash
-- Installing: /home/yh_ros2/rus_back_end/install/fairino_description/share/fairino_description/local_setup.sh
-- Installing: /home/yh_ros2/rus_back_end/install/fairino_description/share/fairino_description/local_setup.zsh
-- Installing: /home/yh_ros2/rus_back_end/install/fairino_description/share/fairino_description/local_setup.dsv
-- Installing: /home/yh_ros2/rus_back_end/install/fairino_description/share/fairino_description/package.dsv
-- Installing: /home/yh_ros2/rus_back_end/install/fairino_description/share/ament_index/resource_index/packages/fairino_description
-- Installing: /home/yh_ros2/rus_back_end/install/fairino_description/share/fairino_description/cmake/fairino_descriptionConfig.cmake
-- Installing: /home/yh_ros2/rus_back_end/install/fairino_description/share/fairino_description/cmake/fairino_descriptionConfig-version.cmake
-- Installing: /home/yh_ros2/rus_back_end/install/fairino_description/share/fairino_description/package.xml
