[0.026s] Invoking command in '/home/yh_ros2/rus_back_end/build/fairino30_v6_moveit2_config': AMENT_PREFIX_PATH=/home/yh_ros2/rus_back_end/install/fairino_description:${AMENT_PREFIX_PATH} CMAKE_PREFIX_PATH=/home/yh_ros2/rus_back_end/install/fairino_description:/opt/ros/humble /usr/bin/cmake /home/yh_ros2/rus_back_end/src/frcobot_ros2/fairino30_v6_moveit2_config -DCMAKE_INSTALL_PREFIX=/home/yh_ros2/rus_back_end/install/fairino30_v6_moveit2_config
[0.117s] -- The C compiler identification is GNU 11.4.0
[0.192s] -- The CXX compiler identification is GNU 11.4.0
[0.201s] -- Detecting C compiler ABI info
[0.321s] -- Detecting C compiler ABI info - done
[0.331s] -- Check for working C compiler: /usr/bin/cc - skipped
[0.332s] -- Detecting C compile features
[0.332s] -- Detecting C compile features - done
[0.336s] -- Detecting CXX compiler ABI info
[0.541s] -- Detecting CXX compiler ABI info - done
[0.564s] -- Check for working CXX compiler: /usr/bin/c++ - skipped
[0.564s] -- Detecting CXX compile features
[0.564s] -- Detecting CXX compile features - done
[0.574s] -- Found ament_cmake: 1.3.13 (/opt/ros/humble/share/ament_cmake/cmake)
[0.843s] -- Found Python3: /usr/bin/python3 (found version "3.10.12") found components: Interpreter 
[1.299s] -- Configuring done
[1.315s] -- Generating done
[1.322s] -- Build files have been written to: /home/yh_ros2/rus_back_end/build/fairino30_v6_moveit2_config
[1.337s] Invoked command in '/home/yh_ros2/rus_back_end/build/fairino30_v6_moveit2_config' returned '0': AMENT_PREFIX_PATH=/home/yh_ros2/rus_back_end/install/fairino_description:${AMENT_PREFIX_PATH} CMAKE_PREFIX_PATH=/home/yh_ros2/rus_back_end/install/fairino_description:/opt/ros/humble /usr/bin/cmake /home/yh_ros2/rus_back_end/src/frcobot_ros2/fairino30_v6_moveit2_config -DCMAKE_INSTALL_PREFIX=/home/yh_ros2/rus_back_end/install/fairino30_v6_moveit2_config
[1.337s] Invoking command in '/home/yh_ros2/rus_back_end/build/fairino30_v6_moveit2_config': AMENT_PREFIX_PATH=/home/yh_ros2/rus_back_end/install/fairino_description:${AMENT_PREFIX_PATH} CMAKE_PREFIX_PATH=/home/yh_ros2/rus_back_end/install/fairino_description:/opt/ros/humble /usr/bin/cmake --build /home/yh_ros2/rus_back_end/build/fairino30_v6_moveit2_config -- -j4 -l4
[1.429s] Invoked command in '/home/yh_ros2/rus_back_end/build/fairino30_v6_moveit2_config' returned '0': AMENT_PREFIX_PATH=/home/yh_ros2/rus_back_end/install/fairino_description:${AMENT_PREFIX_PATH} CMAKE_PREFIX_PATH=/home/yh_ros2/rus_back_end/install/fairino_description:/opt/ros/humble /usr/bin/cmake --build /home/yh_ros2/rus_back_end/build/fairino30_v6_moveit2_config -- -j4 -l4
[1.429s] Invoking command in '/home/yh_ros2/rus_back_end/build/fairino30_v6_moveit2_config': AMENT_PREFIX_PATH=/home/yh_ros2/rus_back_end/install/fairino_description:${AMENT_PREFIX_PATH} CMAKE_PREFIX_PATH=/home/yh_ros2/rus_back_end/install/fairino_description:/opt/ros/humble /usr/bin/cmake --install /home/yh_ros2/rus_back_end/build/fairino30_v6_moveit2_config
[1.437s] -- Install configuration: ""
[1.438s] -- Installing: /home/yh_ros2/rus_back_end/install/fairino30_v6_moveit2_config/share/ament_index/resource_index/package_run_dependencies/fairino30_v6_moveit2_config
[1.439s] -- Installing: /home/yh_ros2/rus_back_end/install/fairino30_v6_moveit2_config/share/ament_index/resource_index/parent_prefix_path/fairino30_v6_moveit2_config
[1.440s] -- Installing: /home/yh_ros2/rus_back_end/install/fairino30_v6_moveit2_config/share/fairino30_v6_moveit2_config/environment/ament_prefix_path.sh
[1.440s] -- Installing: /home/yh_ros2/rus_back_end/install/fairino30_v6_moveit2_config/share/fairino30_v6_moveit2_config/environment/ament_prefix_path.dsv
[1.441s] -- Installing: /home/yh_ros2/rus_back_end/install/fairino30_v6_moveit2_config/share/fairino30_v6_moveit2_config/environment/path.sh
[1.441s] -- Installing: /home/yh_ros2/rus_back_end/install/fairino30_v6_moveit2_config/share/fairino30_v6_moveit2_config/environment/path.dsv
[1.441s] -- Installing: /home/yh_ros2/rus_back_end/install/fairino30_v6_moveit2_config/share/fairino30_v6_moveit2_config/local_setup.bash
[1.442s] -- Installing: /home/yh_ros2/rus_back_end/install/fairino30_v6_moveit2_config/share/fairino30_v6_moveit2_config/local_setup.sh
[1.446s] -- Installing: /home/yh_ros2/rus_back_end/install/fairino30_v6_moveit2_config/share/fairino30_v6_moveit2_config/local_setup.zsh
[1.446s] -- Installing: /home/yh_ros2/rus_back_end/install/fairino30_v6_moveit2_config/share/fairino30_v6_moveit2_config/local_setup.dsv
[1.446s] -- Installing: /home/yh_ros2/rus_back_end/install/fairino30_v6_moveit2_config/share/fairino30_v6_moveit2_config/package.dsv
[1.446s] -- Installing: /home/yh_ros2/rus_back_end/install/fairino30_v6_moveit2_config/share/ament_index/resource_index/packages/fairino30_v6_moveit2_config
[1.446s] -- Installing: /home/yh_ros2/rus_back_end/install/fairino30_v6_moveit2_config/share/fairino30_v6_moveit2_config/cmake/fairino30_v6_moveit2_configConfig.cmake
[1.446s] -- Installing: /home/yh_ros2/rus_back_end/install/fairino30_v6_moveit2_config/share/fairino30_v6_moveit2_config/cmake/fairino30_v6_moveit2_configConfig-version.cmake
[1.446s] -- Installing: /home/yh_ros2/rus_back_end/install/fairino30_v6_moveit2_config/share/fairino30_v6_moveit2_config/package.xml
[1.446s] -- Installing: /home/yh_ros2/rus_back_end/install/fairino30_v6_moveit2_config/share/fairino30_v6_moveit2_config/launch
[1.447s] -- Installing: /home/yh_ros2/rus_back_end/install/fairino30_v6_moveit2_config/share/fairino30_v6_moveit2_config/launch/move_group.launch.py
[1.447s] -- Installing: /home/yh_ros2/rus_back_end/install/fairino30_v6_moveit2_config/share/fairino30_v6_moveit2_config/launch/static_virtual_joint_tfs.launch.py
[1.447s] -- Installing: /home/yh_ros2/rus_back_end/install/fairino30_v6_moveit2_config/share/fairino30_v6_moveit2_config/launch/setup_assistant.launch.py
[1.448s] -- Installing: /home/yh_ros2/rus_back_end/install/fairino30_v6_moveit2_config/share/fairino30_v6_moveit2_config/launch/demo.launch.py
[1.448s] -- Installing: /home/yh_ros2/rus_back_end/install/fairino30_v6_moveit2_config/share/fairino30_v6_moveit2_config/launch/spawn_controllers.launch.py
[1.448s] -- Installing: /home/yh_ros2/rus_back_end/install/fairino30_v6_moveit2_config/share/fairino30_v6_moveit2_config/launch/rsp.launch.py
[1.449s] -- Installing: /home/yh_ros2/rus_back_end/install/fairino30_v6_moveit2_config/share/fairino30_v6_moveit2_config/launch/warehouse_db.launch.py
[1.449s] -- Installing: /home/yh_ros2/rus_back_end/install/fairino30_v6_moveit2_config/share/fairino30_v6_moveit2_config/launch/moveit_rviz.launch.py
[1.449s] -- Installing: /home/yh_ros2/rus_back_end/install/fairino30_v6_moveit2_config/share/fairino30_v6_moveit2_config/config
[1.450s] -- Installing: /home/yh_ros2/rus_back_end/install/fairino30_v6_moveit2_config/share/fairino30_v6_moveit2_config/config/moveit_controllers.yaml
[1.453s] -- Installing: /home/yh_ros2/rus_back_end/install/fairino30_v6_moveit2_config/share/fairino30_v6_moveit2_config/config/pilz_cartesian_limits.yaml
[1.454s] -- Installing: /home/yh_ros2/rus_back_end/install/fairino30_v6_moveit2_config/share/fairino30_v6_moveit2_config/config/fairino30_v6_robot.srdf
[1.454s] -- Installing: /home/yh_ros2/rus_back_end/install/fairino30_v6_moveit2_config/share/fairino30_v6_moveit2_config/config/ros2_controllers.yaml
[1.454s] -- Installing: /home/yh_ros2/rus_back_end/install/fairino30_v6_moveit2_config/share/fairino30_v6_moveit2_config/config/joint_limits.yaml
[1.454s] -- Installing: /home/yh_ros2/rus_back_end/install/fairino30_v6_moveit2_config/share/fairino30_v6_moveit2_config/config/kinematics.yaml
[1.454s] -- Installing: /home/yh_ros2/rus_back_end/install/fairino30_v6_moveit2_config/share/fairino30_v6_moveit2_config/config/fairino30_v6_robot.ros2_control.xacro
[1.454s] -- Installing: /home/yh_ros2/rus_back_end/install/fairino30_v6_moveit2_config/share/fairino30_v6_moveit2_config/config/fairino30_v6_robot.urdf.xacro
[1.454s] -- Installing: /home/yh_ros2/rus_back_end/install/fairino30_v6_moveit2_config/share/fairino30_v6_moveit2_config/config/moveit.rviz
[1.454s] -- Installing: /home/yh_ros2/rus_back_end/install/fairino30_v6_moveit2_config/share/fairino30_v6_moveit2_config/config/initial_positions.yaml
[1.454s] -- Installing: /home/yh_ros2/rus_back_end/install/fairino30_v6_moveit2_config/share/fairino30_v6_moveit2_config/.setup_assistant
[1.458s] Invoked command in '/home/yh_ros2/rus_back_end/build/fairino30_v6_moveit2_config' returned '0': AMENT_PREFIX_PATH=/home/yh_ros2/rus_back_end/install/fairino_description:${AMENT_PREFIX_PATH} CMAKE_PREFIX_PATH=/home/yh_ros2/rus_back_end/install/fairino_description:/opt/ros/humble /usr/bin/cmake --install /home/yh_ros2/rus_back_end/build/fairino30_v6_moveit2_config
