[0.030s] Invoking command in '/home/yh_ros2/rus_back_end/build/fairino3mt_v6_moveit2_config': AMENT_PREFIX_PATH=/home/yh_ros2/rus_back_end/install/fairino_description:${AMENT_PREFIX_PATH} CMAKE_PREFIX_PATH=/home/yh_ros2/rus_back_end/install/fairino_description:/opt/ros/humble /usr/bin/cmake /home/yh_ros2/rus_back_end/src/frcobot_ros2/fairino3mt_v6_moveit2_config -DCMAKE_INSTALL_PREFIX=/home/yh_ros2/rus_back_end/install/fairino3mt_v6_moveit2_config
[0.135s] -- The C compiler identification is GNU 11.4.0
[0.249s] -- The CXX compiler identification is GNU 11.4.0
[0.259s] -- Detecting C compiler ABI info
[0.417s] -- Detecting C compiler ABI info - done
[0.437s] -- Check for working C compiler: /usr/bin/cc - skipped
[0.439s] -- Detecting C compile features
[0.440s] -- Detecting C compile features - done
[0.450s] -- Detecting CXX compiler ABI info
[0.635s] -- Detecting CXX compiler ABI info - done
[0.647s] -- Check for working CXX compiler: /usr/bin/c++ - skipped
[0.650s] -- Detecting CXX compile features
[0.650s] -- Detecting CXX compile features - done
[0.654s] -- Found ament_cmake: 1.3.13 (/opt/ros/humble/share/ament_cmake/cmake)
[0.847s] -- Found Python3: /usr/bin/python3 (found version "3.10.12") found components: Interpreter 
[1.239s] -- Configuring done
[1.261s] -- Generating done
[1.275s] -- Build files have been written to: /home/yh_ros2/rus_back_end/build/fairino3mt_v6_moveit2_config
[1.290s] Invoked command in '/home/yh_ros2/rus_back_end/build/fairino3mt_v6_moveit2_config' returned '0': AMENT_PREFIX_PATH=/home/yh_ros2/rus_back_end/install/fairino_description:${AMENT_PREFIX_PATH} CMAKE_PREFIX_PATH=/home/yh_ros2/rus_back_end/install/fairino_description:/opt/ros/humble /usr/bin/cmake /home/yh_ros2/rus_back_end/src/frcobot_ros2/fairino3mt_v6_moveit2_config -DCMAKE_INSTALL_PREFIX=/home/yh_ros2/rus_back_end/install/fairino3mt_v6_moveit2_config
[1.290s] Invoking command in '/home/yh_ros2/rus_back_end/build/fairino3mt_v6_moveit2_config': AMENT_PREFIX_PATH=/home/yh_ros2/rus_back_end/install/fairino_description:${AMENT_PREFIX_PATH} CMAKE_PREFIX_PATH=/home/yh_ros2/rus_back_end/install/fairino_description:/opt/ros/humble /usr/bin/cmake --build /home/yh_ros2/rus_back_end/build/fairino3mt_v6_moveit2_config -- -j4 -l4
[1.413s] Invoked command in '/home/yh_ros2/rus_back_end/build/fairino3mt_v6_moveit2_config' returned '0': AMENT_PREFIX_PATH=/home/yh_ros2/rus_back_end/install/fairino_description:${AMENT_PREFIX_PATH} CMAKE_PREFIX_PATH=/home/yh_ros2/rus_back_end/install/fairino_description:/opt/ros/humble /usr/bin/cmake --build /home/yh_ros2/rus_back_end/build/fairino3mt_v6_moveit2_config -- -j4 -l4
[1.423s] Invoking command in '/home/yh_ros2/rus_back_end/build/fairino3mt_v6_moveit2_config': AMENT_PREFIX_PATH=/home/yh_ros2/rus_back_end/install/fairino_description:${AMENT_PREFIX_PATH} CMAKE_PREFIX_PATH=/home/yh_ros2/rus_back_end/install/fairino_description:/opt/ros/humble /usr/bin/cmake --install /home/yh_ros2/rus_back_end/build/fairino3mt_v6_moveit2_config
[1.451s] -- Install configuration: ""
[1.454s] -- Installing: /home/yh_ros2/rus_back_end/install/fairino3mt_v6_moveit2_config/share/ament_index/resource_index/package_run_dependencies/fairino3mt_v6_moveit2_config
[1.454s] -- Installing: /home/yh_ros2/rus_back_end/install/fairino3mt_v6_moveit2_config/share/ament_index/resource_index/parent_prefix_path/fairino3mt_v6_moveit2_config
[1.454s] -- Installing: /home/yh_ros2/rus_back_end/install/fairino3mt_v6_moveit2_config/share/fairino3mt_v6_moveit2_config/environment/ament_prefix_path.sh
[1.455s] -- Installing: /home/yh_ros2/rus_back_end/install/fairino3mt_v6_moveit2_config/share/fairino3mt_v6_moveit2_config/environment/ament_prefix_path.dsv
[1.467s] -- Installing: /home/yh_ros2/rus_back_end/install/fairino3mt_v6_moveit2_config/share/fairino3mt_v6_moveit2_config/environment/path.sh
[1.470s] -- Installing: /home/yh_ros2/rus_back_end/install/fairino3mt_v6_moveit2_config/share/fairino3mt_v6_moveit2_config/environment/path.dsv
[1.470s] -- Installing: /home/yh_ros2/rus_back_end/install/fairino3mt_v6_moveit2_config/share/fairino3mt_v6_moveit2_config/local_setup.bash
[1.470s] -- Installing: /home/yh_ros2/rus_back_end/install/fairino3mt_v6_moveit2_config/share/fairino3mt_v6_moveit2_config/local_setup.sh
[1.471s] -- Installing: /home/yh_ros2/rus_back_end/install/fairino3mt_v6_moveit2_config/share/fairino3mt_v6_moveit2_config/local_setup.zsh
[1.471s] -- Installing: /home/yh_ros2/rus_back_end/install/fairino3mt_v6_moveit2_config/share/fairino3mt_v6_moveit2_config/local_setup.dsv
[1.471s] -- Installing: /home/yh_ros2/rus_back_end/install/fairino3mt_v6_moveit2_config/share/fairino3mt_v6_moveit2_config/package.dsv
[1.471s] -- Installing: /home/yh_ros2/rus_back_end/install/fairino3mt_v6_moveit2_config/share/ament_index/resource_index/packages/fairino3mt_v6_moveit2_config
[1.471s] -- Installing: /home/yh_ros2/rus_back_end/install/fairino3mt_v6_moveit2_config/share/fairino3mt_v6_moveit2_config/cmake/fairino3mt_v6_moveit2_configConfig.cmake
[1.471s] -- Installing: /home/yh_ros2/rus_back_end/install/fairino3mt_v6_moveit2_config/share/fairino3mt_v6_moveit2_config/cmake/fairino3mt_v6_moveit2_configConfig-version.cmake
[1.471s] -- Installing: /home/yh_ros2/rus_back_end/install/fairino3mt_v6_moveit2_config/share/fairino3mt_v6_moveit2_config/package.xml
[1.471s] -- Installing: /home/yh_ros2/rus_back_end/install/fairino3mt_v6_moveit2_config/share/fairino3mt_v6_moveit2_config/launch
[1.471s] -- Installing: /home/yh_ros2/rus_back_end/install/fairino3mt_v6_moveit2_config/share/fairino3mt_v6_moveit2_config/launch/move_group.launch.py
[1.471s] -- Installing: /home/yh_ros2/rus_back_end/install/fairino3mt_v6_moveit2_config/share/fairino3mt_v6_moveit2_config/launch/static_virtual_joint_tfs.launch.py
[1.472s] -- Installing: /home/yh_ros2/rus_back_end/install/fairino3mt_v6_moveit2_config/share/fairino3mt_v6_moveit2_config/launch/setup_assistant.launch.py
[1.472s] -- Installing: /home/yh_ros2/rus_back_end/install/fairino3mt_v6_moveit2_config/share/fairino3mt_v6_moveit2_config/launch/demo.launch.py
[1.479s] -- Installing: /home/yh_ros2/rus_back_end/install/fairino3mt_v6_moveit2_config/share/fairino3mt_v6_moveit2_config/launch/spawn_controllers.launch.py
[1.479s] -- Installing: /home/yh_ros2/rus_back_end/install/fairino3mt_v6_moveit2_config/share/fairino3mt_v6_moveit2_config/launch/rsp.launch.py
[1.479s] -- Installing: /home/yh_ros2/rus_back_end/install/fairino3mt_v6_moveit2_config/share/fairino3mt_v6_moveit2_config/launch/warehouse_db.launch.py
[1.479s] -- Installing: /home/yh_ros2/rus_back_end/install/fairino3mt_v6_moveit2_config/share/fairino3mt_v6_moveit2_config/launch/moveit_rviz.launch.py
[1.479s] -- Installing: /home/yh_ros2/rus_back_end/install/fairino3mt_v6_moveit2_config/share/fairino3mt_v6_moveit2_config/config
[1.479s] -- Installing: /home/yh_ros2/rus_back_end/install/fairino3mt_v6_moveit2_config/share/fairino3mt_v6_moveit2_config/config/fairino3mt_v6_robot.srdf
[1.479s] -- Installing: /home/yh_ros2/rus_back_end/install/fairino3mt_v6_moveit2_config/share/fairino3mt_v6_moveit2_config/config/moveit_controllers.yaml
[1.479s] -- Installing: /home/yh_ros2/rus_back_end/install/fairino3mt_v6_moveit2_config/share/fairino3mt_v6_moveit2_config/config/pilz_cartesian_limits.yaml
[1.479s] -- Installing: /home/yh_ros2/rus_back_end/install/fairino3mt_v6_moveit2_config/share/fairino3mt_v6_moveit2_config/config/ros2_controllers.yaml
[1.479s] -- Installing: /home/yh_ros2/rus_back_end/install/fairino3mt_v6_moveit2_config/share/fairino3mt_v6_moveit2_config/config/joint_limits.yaml
[1.480s] -- Installing: /home/yh_ros2/rus_back_end/install/fairino3mt_v6_moveit2_config/share/fairino3mt_v6_moveit2_config/config/kinematics.yaml
[1.480s] -- Installing: /home/yh_ros2/rus_back_end/install/fairino3mt_v6_moveit2_config/share/fairino3mt_v6_moveit2_config/config/moveit.rviz
[1.480s] -- Installing: /home/yh_ros2/rus_back_end/install/fairino3mt_v6_moveit2_config/share/fairino3mt_v6_moveit2_config/config/initial_positions.yaml
[1.480s] -- Installing: /home/yh_ros2/rus_back_end/install/fairino3mt_v6_moveit2_config/share/fairino3mt_v6_moveit2_config/config/fairino3mt_v6_robot.urdf.xacro
[1.481s] -- Installing: /home/yh_ros2/rus_back_end/install/fairino3mt_v6_moveit2_config/share/fairino3mt_v6_moveit2_config/config/fairino3mt_v6_robot.ros2_control.xacro
[1.481s] -- Installing: /home/yh_ros2/rus_back_end/install/fairino3mt_v6_moveit2_config/share/fairino3mt_v6_moveit2_config/.setup_assistant
[1.517s] Invoked command in '/home/yh_ros2/rus_back_end/build/fairino3mt_v6_moveit2_config' returned '0': AMENT_PREFIX_PATH=/home/yh_ros2/rus_back_end/install/fairino_description:${AMENT_PREFIX_PATH} CMAKE_PREFIX_PATH=/home/yh_ros2/rus_back_end/install/fairino_description:/opt/ros/humble /usr/bin/cmake --install /home/yh_ros2/rus_back_end/build/fairino3mt_v6_moveit2_config
