[0.017s] Invoking command in '/home/yh_ros2/rus_back_end/build/fairino_msgs': CMAKE_PREFIX_PATH=/opt/ros/humble /usr/bin/cmake /home/yh_ros2/rus_back_end/src/frcobot_ros2/fairino_msgs -DCMAKE_INSTALL_PREFIX=/home/yh_ros2/rus_back_end/install/fairino_msgs
[0.175s] -- The C compiler identification is GNU 11.4.0
[0.297s] -- The CXX compiler identification is GNU 11.4.0
[0.311s] -- Detecting C compiler ABI info
[0.397s] -- Detecting C compiler ABI info - done
[0.402s] -- Check for working C compiler: /usr/bin/cc - skipped
[0.403s] -- Detecting C compile features
[0.404s] -- Detecting C compile features - done
[0.409s] -- Detecting CXX compiler ABI info
[0.502s] -- Detecting CXX compiler ABI info - done
[0.508s] -- Check for working CXX compiler: /usr/bin/c++ - skipped
[0.508s] -- Detecting CXX compile features
[0.508s] -- Detecting CXX compile features - done
[0.520s] -- Found ament_cmake: 1.3.13 (/opt/ros/humble/share/ament_cmake/cmake)
[0.672s] -- Found Python3: /usr/bin/python3 (found version "3.10.12") found components: Interpreter 
[0.804s] -- Found rosidl_default_generators: 1.2.0 (/opt/ros/humble/share/rosidl_default_generators/cmake)
[0.811s] -- Using all available rosidl_typesupport_c: rosidl_typesupport_fastrtps_c;rosidl_typesupport_introspection_c
[0.824s] -- Found rosidl_adapter: 3.1.8 (/opt/ros/humble/share/rosidl_adapter/cmake)
[0.891s] -- Using all available rosidl_typesupport_cpp: rosidl_typesupport_fastrtps_cpp;rosidl_typesupport_introspection_cpp
[1.233s] -- Found ament_cmake_ros: 0.10.0 (/opt/ros/humble/share/ament_cmake_ros/cmake)
[1.431s] -- Using all available rosidl_typesupport_c: rosidl_typesupport_fastrtps_c;rosidl_typesupport_introspection_c
[1.739s] -- Using all available rosidl_typesupport_cpp: rosidl_typesupport_fastrtps_cpp;rosidl_typesupport_introspection_cpp
[1.767s] -- Found PythonInterp: /usr/bin/python3 (found suitable version "3.10.12", minimum required is "3.6") 
[1.769s] -- Found python_cmake_module: 0.10.0 (/opt/ros/humble/share/python_cmake_module/cmake)
[1.818s] -- Found PythonLibs: /usr/lib/x86_64-linux-gnu/libpython3.10.so (found suitable version "3.10.12", minimum required is "3.5") 
[1.818s] -- Using PYTHON_EXECUTABLE: /usr/bin/python3
[1.818s] -- Using PYTHON_INCLUDE_DIRS: /usr/include/python3.10
[1.818s] -- Using PYTHON_LIBRARIES: /usr/lib/x86_64-linux-gnu/libpython3.10.so
[1.844s] -- Found PythonExtra: .so  
[1.886s] -- Found ament_lint_auto: 0.12.15 (/opt/ros/humble/share/ament_lint_auto/cmake)
[1.926s] -- Added test 'lint_cmake' to check CMake code style
[1.930s] -- Added test 'xmllint' to check XML markup files
[1.932s] -- Configuring done
[2.027s] -- Generating done
[2.046s] -- Build files have been written to: /home/yh_ros2/rus_back_end/build/fairino_msgs
[2.055s] Invoked command in '/home/yh_ros2/rus_back_end/build/fairino_msgs' returned '0': CMAKE_PREFIX_PATH=/opt/ros/humble /usr/bin/cmake /home/yh_ros2/rus_back_end/src/frcobot_ros2/fairino_msgs -DCMAKE_INSTALL_PREFIX=/home/yh_ros2/rus_back_end/install/fairino_msgs
[2.062s] Invoking command in '/home/yh_ros2/rus_back_end/build/fairino_msgs': CMAKE_PREFIX_PATH=/opt/ros/humble /usr/bin/cmake --build /home/yh_ros2/rus_back_end/build/fairino_msgs -- -j4 -l4
[2.121s] [  2%] [34m[1mGenerating C code for ROS interfaces[0m
[2.132s] [  4%] [34m[1mGenerating C++ code for ROS interfaces[0m
[2.147s] [  4%] Built target ament_cmake_python_copy_fairino_msgs
[2.550s] running egg_info
[2.550s] creating fairino_msgs.egg-info
[2.550s] writing fairino_msgs.egg-info/PKG-INFO
[2.551s] writing dependency_links to fairino_msgs.egg-info/dependency_links.txt
[2.551s] writing top-level names to fairino_msgs.egg-info/top_level.txt
[2.551s] writing manifest file 'fairino_msgs.egg-info/SOURCES.txt'
[2.558s] reading manifest file 'fairino_msgs.egg-info/SOURCES.txt'
[2.559s] writing manifest file 'fairino_msgs.egg-info/SOURCES.txt'
[2.601s] [  4%] Built target ament_cmake_python_build_fairino_msgs_egg
[3.361s] [  6%] [32mBuilding C object CMakeFiles/fairino_msgs__rosidl_generator_c.dir/rosidl_generator_c/fairino_msgs/msg/detail/robot_nonrt_state__functions.c.o[0m
[3.368s] [  8%] [32mBuilding C object CMakeFiles/fairino_msgs__rosidl_generator_c.dir/rosidl_generator_c/fairino_msgs/srv/detail/remote_cmd_interface__functions.c.o[0m
[3.368s] [ 10%] [32mBuilding C object CMakeFiles/fairino_msgs__rosidl_generator_c.dir/rosidl_generator_c/fairino_msgs/srv/detail/remote_script_content__functions.c.o[0m
[3.369s] [ 10%] Built target fairino_msgs__cpp
[3.394s] [ 12%] [34m[1mGenerating C++ type support dispatch for ROS interfaces[0m
[3.591s] [ 14%] [34m[1mGenerating C++ type support for eProsima Fast-RTPS[0m
[3.595s] [ 17%] [34m[1mGenerating C++ introspection for ROS interfaces[0m
[3.616s] [ 19%] [32m[1mLinking C shared library libfairino_msgs__rosidl_generator_c.so[0m
[3.751s] [ 19%] Built target fairino_msgs__rosidl_generator_c
[3.776s] [ 21%] [34m[1mGenerating C type support for eProsima Fast-RTPS[0m
[4.365s] [ 23%] [32mBuilding CXX object CMakeFiles/fairino_msgs__rosidl_typesupport_cpp.dir/rosidl_typesupport_cpp/fairino_msgs/srv/remote_cmd_interface__type_support.cpp.o[0m
[4.770s] [ 25%] [32mBuilding CXX object CMakeFiles/fairino_msgs__rosidl_typesupport_introspection_cpp.dir/rosidl_typesupport_introspection_cpp/fairino_msgs/srv/detail/remote_cmd_interface__type_support.cpp.o[0m
[4.772s] [ 27%] [32mBuilding CXX object CMakeFiles/fairino_msgs__rosidl_typesupport_fastrtps_cpp.dir/rosidl_typesupport_fastrtps_cpp/fairino_msgs/srv/detail/dds_fastrtps/remote_cmd_interface__type_support.cpp.o[0m
[4.934s] [ 29%] [32mBuilding CXX object CMakeFiles/fairino_msgs__rosidl_typesupport_cpp.dir/rosidl_typesupport_cpp/fairino_msgs/srv/remote_script_content__type_support.cpp.o[0m
[4.982s] [ 31%] [32mBuilding CXX object CMakeFiles/fairino_msgs__rosidl_typesupport_fastrtps_c.dir/rosidl_typesupport_fastrtps_c/fairino_msgs/srv/detail/remote_cmd_interface__type_support_c.cpp.o[0m
[5.300s] [ 34%] [32mBuilding CXX object CMakeFiles/fairino_msgs__rosidl_typesupport_cpp.dir/rosidl_typesupport_cpp/fairino_msgs/msg/robot_nonrt_state__type_support.cpp.o[0m
[5.361s] [ 36%] [32mBuilding CXX object CMakeFiles/fairino_msgs__rosidl_typesupport_introspection_cpp.dir/rosidl_typesupport_introspection_cpp/fairino_msgs/srv/detail/remote_script_content__type_support.cpp.o[0m
[5.455s] [ 38%] [32mBuilding CXX object CMakeFiles/fairino_msgs__rosidl_typesupport_fastrtps_cpp.dir/rosidl_typesupport_fastrtps_cpp/fairino_msgs/srv/detail/dds_fastrtps/remote_script_content__type_support.cpp.o[0m
[5.506s] [ 40%] [32mBuilding CXX object CMakeFiles/fairino_msgs__rosidl_typesupport_fastrtps_c.dir/rosidl_typesupport_fastrtps_c/fairino_msgs/srv/detail/remote_script_content__type_support_c.cpp.o[0m
[5.645s] [ 42%] [32m[1mLinking CXX shared library libfairino_msgs__rosidl_typesupport_cpp.so[0m
[5.701s] [ 42%] Built target fairino_msgs__rosidl_typesupport_cpp
[5.713s] [ 44%] [32mBuilding CXX object CMakeFiles/fairino_msgs__rosidl_typesupport_fastrtps_cpp.dir/rosidl_typesupport_fastrtps_cpp/fairino_msgs/msg/detail/dds_fastrtps/robot_nonrt_state__type_support.cpp.o[0m
[5.785s] [ 46%] [32mBuilding CXX object CMakeFiles/fairino_msgs__rosidl_typesupport_introspection_cpp.dir/rosidl_typesupport_introspection_cpp/fairino_msgs/msg/detail/robot_nonrt_state__type_support.cpp.o[0m
[5.941s] [ 48%] [34m[1mGenerating C introspection for ROS interfaces[0m
[5.947s] [ 51%] [32mBuilding CXX object CMakeFiles/fairino_msgs__rosidl_typesupport_fastrtps_c.dir/rosidl_typesupport_fastrtps_c/fairino_msgs/msg/detail/robot_nonrt_state__type_support_c.cpp.o[0m
[6.254s] [ 53%] [32m[1mLinking CXX shared library libfairino_msgs__rosidl_typesupport_introspection_cpp.so[0m
[6.269s] [ 55%] [32m[1mLinking CXX shared library libfairino_msgs__rosidl_typesupport_fastrtps_cpp.so[0m
[6.349s] [ 55%] Built target fairino_msgs__rosidl_typesupport_introspection_cpp
[6.363s] [ 57%] [34m[1mGenerating C type support dispatch for ROS interfaces[0m
[6.392s] [ 57%] Built target fairino_msgs__rosidl_typesupport_fastrtps_cpp
[6.396s] [ 59%] [32m[1mLinking CXX shared library libfairino_msgs__rosidl_typesupport_fastrtps_c.so[0m
[6.490s] [ 59%] Built target fairino_msgs__rosidl_typesupport_fastrtps_c
[6.635s] [ 61%] [32mBuilding C object CMakeFiles/fairino_msgs__rosidl_typesupport_introspection_c.dir/rosidl_typesupport_introspection_c/fairino_msgs/srv/detail/remote_cmd_interface__type_support.c.o[0m
[6.635s] [ 63%] [32mBuilding C object CMakeFiles/fairino_msgs__rosidl_typesupport_introspection_c.dir/rosidl_typesupport_introspection_c/fairino_msgs/srv/detail/remote_script_content__type_support.c.o[0m
[6.640s] [ 65%] [32mBuilding C object CMakeFiles/fairino_msgs__rosidl_typesupport_introspection_c.dir/rosidl_typesupport_introspection_c/fairino_msgs/msg/detail/robot_nonrt_state__type_support.c.o[0m
[6.689s] [ 68%] [32m[1mLinking C shared library libfairino_msgs__rosidl_typesupport_introspection_c.so[0m
[6.727s] [ 68%] Built target fairino_msgs__rosidl_typesupport_introspection_c
[6.867s] [ 74%] [32mBuilding CXX object CMakeFiles/fairino_msgs__rosidl_typesupport_c.dir/rosidl_typesupport_c/fairino_msgs/srv/remote_script_content__type_support.cpp.o[0m
[6.867s] [ 74%] [32mBuilding CXX object CMakeFiles/fairino_msgs__rosidl_typesupport_c.dir/rosidl_typesupport_c/fairino_msgs/msg/robot_nonrt_state__type_support.cpp.o[0m
[6.867s] [ 74%] [32mBuilding CXX object CMakeFiles/fairino_msgs__rosidl_typesupport_c.dir/rosidl_typesupport_c/fairino_msgs/srv/remote_cmd_interface__type_support.cpp.o[0m
[6.903s] [ 76%] [32m[1mLinking CXX shared library libfairino_msgs__rosidl_typesupport_c.so[0m
[6.950s] [ 76%] Built target fairino_msgs__rosidl_typesupport_c
[6.975s] [ 76%] Built target fairino_msgs
[6.999s] [ 78%] [34m[1mGenerating Python code for ROS interfaces[0m
[8.186s] [ 78%] Built target fairino_msgs__py
[8.211s] [ 82%] [32mBuilding C object CMakeFiles/fairino_msgs__rosidl_generator_py.dir/rosidl_generator_py/fairino_msgs/srv/_remote_script_content_s.c.o[0m
[8.211s] [ 80%] [32mBuilding C object CMakeFiles/fairino_msgs__rosidl_generator_py.dir/rosidl_generator_py/fairino_msgs/srv/_remote_cmd_interface_s.c.o[0m
[8.211s] [ 85%] [32mBuilding C object CMakeFiles/fairino_msgs__rosidl_generator_py.dir/rosidl_generator_py/fairino_msgs/msg/_robot_nonrt_state_s.c.o[0m
[8.484s] [ 87%] [32m[1mLinking C shared library rosidl_generator_py/fairino_msgs/libfairino_msgs__rosidl_generator_py.so[0m
[8.532s] [ 87%] Built target fairino_msgs__rosidl_generator_py
[8.556s] [ 93%] [32mBuilding C object CMakeFiles/fairino_msgs__rosidl_typesupport_fastrtps_c__pyext.dir/rosidl_generator_py/fairino_msgs/_fairino_msgs_s.ep.rosidl_typesupport_fastrtps_c.c.o[0m
[8.556s] [ 93%] [32mBuilding C object CMakeFiles/fairino_msgs__rosidl_typesupport_c__pyext.dir/rosidl_generator_py/fairino_msgs/_fairino_msgs_s.ep.rosidl_typesupport_c.c.o[0m
[8.556s] [ 93%] [32mBuilding C object CMakeFiles/fairino_msgs__rosidl_typesupport_introspection_c__pyext.dir/rosidl_generator_py/fairino_msgs/_fairino_msgs_s.ep.rosidl_typesupport_introspection_c.c.o[0m
[8.666s] [ 97%] [32m[1mLinking C shared library rosidl_generator_py/fairino_msgs/fairino_msgs_s__rosidl_typesupport_c.cpython-310-x86_64-linux-gnu.so[0m
[8.666s] [ 97%] [32m[1mLinking C shared library rosidl_generator_py/fairino_msgs/fairino_msgs_s__rosidl_typesupport_introspection_c.cpython-310-x86_64-linux-gnu.so[0m
[8.673s] [100%] [32m[1mLinking C shared library rosidl_generator_py/fairino_msgs/fairino_msgs_s__rosidl_typesupport_fastrtps_c.cpython-310-x86_64-linux-gnu.so[0m
[8.708s] [100%] Built target fairino_msgs__rosidl_typesupport_introspection_c__pyext
[8.708s] [100%] Built target fairino_msgs__rosidl_typesupport_c__pyext
[8.716s] [100%] Built target fairino_msgs__rosidl_typesupport_fastrtps_c__pyext
[8.734s] Invoked command in '/home/yh_ros2/rus_back_end/build/fairino_msgs' returned '0': CMAKE_PREFIX_PATH=/opt/ros/humble /usr/bin/cmake --build /home/yh_ros2/rus_back_end/build/fairino_msgs -- -j4 -l4
[8.736s] Invoking command in '/home/yh_ros2/rus_back_end/build/fairino_msgs': CMAKE_PREFIX_PATH=/opt/ros/humble /usr/bin/cmake --install /home/yh_ros2/rus_back_end/build/fairino_msgs
[8.745s] -- Install configuration: ""
[8.747s] -- Installing: /home/yh_ros2/rus_back_end/install/fairino_msgs/share/ament_index/resource_index/rosidl_interfaces/fairino_msgs
[8.748s] -- Installing: /home/yh_ros2/rus_back_end/install/fairino_msgs/include/fairino_msgs/fairino_msgs
[8.749s] -- Installing: /home/yh_ros2/rus_back_end/install/fairino_msgs/include/fairino_msgs/fairino_msgs/msg
[8.749s] -- Installing: /home/yh_ros2/rus_back_end/install/fairino_msgs/include/fairino_msgs/fairino_msgs/msg/rosidl_generator_c__visibility_control.h
[8.750s] -- Installing: /home/yh_ros2/rus_back_end/install/fairino_msgs/include/fairino_msgs/fairino_msgs/msg/robot_nonrt_state.h
[8.750s] -- Installing: /home/yh_ros2/rus_back_end/install/fairino_msgs/include/fairino_msgs/fairino_msgs/msg/detail
[8.750s] -- Installing: /home/yh_ros2/rus_back_end/install/fairino_msgs/include/fairino_msgs/fairino_msgs/msg/detail/robot_nonrt_state__functions.c
[8.751s] -- Installing: /home/yh_ros2/rus_back_end/install/fairino_msgs/include/fairino_msgs/fairino_msgs/msg/detail/robot_nonrt_state__type_support.h
[8.751s] -- Installing: /home/yh_ros2/rus_back_end/install/fairino_msgs/include/fairino_msgs/fairino_msgs/msg/detail/robot_nonrt_state__functions.h
[8.751s] -- Installing: /home/yh_ros2/rus_back_end/install/fairino_msgs/include/fairino_msgs/fairino_msgs/msg/detail/robot_nonrt_state__struct.h
[8.751s] -- Installing: /home/yh_ros2/rus_back_end/install/fairino_msgs/include/fairino_msgs/fairino_msgs/srv
[8.752s] -- Installing: /home/yh_ros2/rus_back_end/install/fairino_msgs/include/fairino_msgs/fairino_msgs/srv/remote_script_content.h
[8.752s] -- Installing: /home/yh_ros2/rus_back_end/install/fairino_msgs/include/fairino_msgs/fairino_msgs/srv/detail
[8.753s] -- Installing: /home/yh_ros2/rus_back_end/install/fairino_msgs/include/fairino_msgs/fairino_msgs/srv/detail/remote_script_content__type_support.h
[8.753s] -- Installing: /home/yh_ros2/rus_back_end/install/fairino_msgs/include/fairino_msgs/fairino_msgs/srv/detail/remote_script_content__functions.c
[8.753s] -- Installing: /home/yh_ros2/rus_back_end/install/fairino_msgs/include/fairino_msgs/fairino_msgs/srv/detail/remote_cmd_interface__type_support.h
[8.753s] -- Installing: /home/yh_ros2/rus_back_end/install/fairino_msgs/include/fairino_msgs/fairino_msgs/srv/detail/remote_cmd_interface__functions.h
[8.754s] -- Installing: /home/yh_ros2/rus_back_end/install/fairino_msgs/include/fairino_msgs/fairino_msgs/srv/detail/remote_cmd_interface__struct.h
[8.754s] -- Installing: /home/yh_ros2/rus_back_end/install/fairino_msgs/include/fairino_msgs/fairino_msgs/srv/detail/remote_script_content__struct.h
[8.754s] -- Installing: /home/yh_ros2/rus_back_end/install/fairino_msgs/include/fairino_msgs/fairino_msgs/srv/detail/remote_cmd_interface__functions.c
[8.754s] -- Installing: /home/yh_ros2/rus_back_end/install/fairino_msgs/include/fairino_msgs/fairino_msgs/srv/detail/remote_script_content__functions.h
[8.755s] -- Installing: /home/yh_ros2/rus_back_end/install/fairino_msgs/include/fairino_msgs/fairino_msgs/srv/remote_cmd_interface.h
[8.756s] -- Installing: /home/yh_ros2/rus_back_end/install/fairino_msgs/share/fairino_msgs/environment/library_path.sh
[8.756s] -- Installing: /home/yh_ros2/rus_back_end/install/fairino_msgs/share/fairino_msgs/environment/library_path.dsv
[8.756s] -- Installing: /home/yh_ros2/rus_back_end/install/fairino_msgs/lib/libfairino_msgs__rosidl_generator_c.so
[8.757s] -- Set runtime path of "/home/yh_ros2/rus_back_end/install/fairino_msgs/lib/libfairino_msgs__rosidl_generator_c.so" to ""
[8.757s] -- Up-to-date: /home/yh_ros2/rus_back_end/install/fairino_msgs/include/fairino_msgs/fairino_msgs
[8.757s] -- Up-to-date: /home/yh_ros2/rus_back_end/install/fairino_msgs/include/fairino_msgs/fairino_msgs/msg
[8.758s] -- Installing: /home/yh_ros2/rus_back_end/install/fairino_msgs/include/fairino_msgs/fairino_msgs/msg/rosidl_typesupport_fastrtps_c__visibility_control.h
[8.758s] -- Up-to-date: /home/yh_ros2/rus_back_end/install/fairino_msgs/include/fairino_msgs/fairino_msgs/msg/detail
[8.758s] -- Installing: /home/yh_ros2/rus_back_end/install/fairino_msgs/include/fairino_msgs/fairino_msgs/msg/detail/robot_nonrt_state__rosidl_typesupport_fastrtps_c.h
[8.758s] -- Up-to-date: /home/yh_ros2/rus_back_end/install/fairino_msgs/include/fairino_msgs/fairino_msgs/srv
[8.758s] -- Up-to-date: /home/yh_ros2/rus_back_end/install/fairino_msgs/include/fairino_msgs/fairino_msgs/srv/detail
[8.758s] -- Installing: /home/yh_ros2/rus_back_end/install/fairino_msgs/include/fairino_msgs/fairino_msgs/srv/detail/remote_cmd_interface__rosidl_typesupport_fastrtps_c.h
[8.758s] -- Installing: /home/yh_ros2/rus_back_end/install/fairino_msgs/include/fairino_msgs/fairino_msgs/srv/detail/remote_script_content__rosidl_typesupport_fastrtps_c.h
[8.758s] -- Installing: /home/yh_ros2/rus_back_end/install/fairino_msgs/lib/libfairino_msgs__rosidl_typesupport_fastrtps_c.so
[8.759s] -- Set runtime path of "/home/yh_ros2/rus_back_end/install/fairino_msgs/lib/libfairino_msgs__rosidl_typesupport_fastrtps_c.so" to ""
[8.759s] -- Up-to-date: /home/yh_ros2/rus_back_end/install/fairino_msgs/include/fairino_msgs/fairino_msgs
[8.759s] -- Up-to-date: /home/yh_ros2/rus_back_end/install/fairino_msgs/include/fairino_msgs/fairino_msgs/msg
[8.759s] -- Installing: /home/yh_ros2/rus_back_end/install/fairino_msgs/include/fairino_msgs/fairino_msgs/msg/rosidl_typesupport_introspection_c__visibility_control.h
[8.760s] -- Up-to-date: /home/yh_ros2/rus_back_end/install/fairino_msgs/include/fairino_msgs/fairino_msgs/msg/detail
[8.760s] -- Installing: /home/yh_ros2/rus_back_end/install/fairino_msgs/include/fairino_msgs/fairino_msgs/msg/detail/robot_nonrt_state__rosidl_typesupport_introspection_c.h
[8.760s] -- Installing: /home/yh_ros2/rus_back_end/install/fairino_msgs/include/fairino_msgs/fairino_msgs/msg/detail/robot_nonrt_state__type_support.c
[8.760s] -- Up-to-date: /home/yh_ros2/rus_back_end/install/fairino_msgs/include/fairino_msgs/fairino_msgs/srv
[8.760s] -- Up-to-date: /home/yh_ros2/rus_back_end/install/fairino_msgs/include/fairino_msgs/fairino_msgs/srv/detail
[8.760s] -- Installing: /home/yh_ros2/rus_back_end/install/fairino_msgs/include/fairino_msgs/fairino_msgs/srv/detail/remote_cmd_interface__type_support.c
[8.760s] -- Installing: /home/yh_ros2/rus_back_end/install/fairino_msgs/include/fairino_msgs/fairino_msgs/srv/detail/remote_script_content__rosidl_typesupport_introspection_c.h
[8.760s] -- Installing: /home/yh_ros2/rus_back_end/install/fairino_msgs/include/fairino_msgs/fairino_msgs/srv/detail/remote_cmd_interface__rosidl_typesupport_introspection_c.h
[8.761s] -- Installing: /home/yh_ros2/rus_back_end/install/fairino_msgs/include/fairino_msgs/fairino_msgs/srv/detail/remote_script_content__type_support.c
[8.761s] -- Installing: /home/yh_ros2/rus_back_end/install/fairino_msgs/lib/libfairino_msgs__rosidl_typesupport_introspection_c.so
[8.761s] -- Set runtime path of "/home/yh_ros2/rus_back_end/install/fairino_msgs/lib/libfairino_msgs__rosidl_typesupport_introspection_c.so" to ""
[8.761s] -- Installing: /home/yh_ros2/rus_back_end/install/fairino_msgs/lib/libfairino_msgs__rosidl_typesupport_c.so
[8.762s] -- Set runtime path of "/home/yh_ros2/rus_back_end/install/fairino_msgs/lib/libfairino_msgs__rosidl_typesupport_c.so" to ""
[8.762s] -- Up-to-date: /home/yh_ros2/rus_back_end/install/fairino_msgs/include/fairino_msgs/fairino_msgs
[8.762s] -- Up-to-date: /home/yh_ros2/rus_back_end/install/fairino_msgs/include/fairino_msgs/fairino_msgs/msg
[8.762s] -- Up-to-date: /home/yh_ros2/rus_back_end/install/fairino_msgs/include/fairino_msgs/fairino_msgs/msg/detail
[8.762s] -- Installing: /home/yh_ros2/rus_back_end/install/fairino_msgs/include/fairino_msgs/fairino_msgs/msg/detail/robot_nonrt_state__builder.hpp
[8.762s] -- Installing: /home/yh_ros2/rus_back_end/install/fairino_msgs/include/fairino_msgs/fairino_msgs/msg/detail/robot_nonrt_state__type_support.hpp
[8.763s] -- Installing: /home/yh_ros2/rus_back_end/install/fairino_msgs/include/fairino_msgs/fairino_msgs/msg/detail/robot_nonrt_state__struct.hpp
[8.763s] -- Installing: /home/yh_ros2/rus_back_end/install/fairino_msgs/include/fairino_msgs/fairino_msgs/msg/detail/robot_nonrt_state__traits.hpp
[8.763s] -- Installing: /home/yh_ros2/rus_back_end/install/fairino_msgs/include/fairino_msgs/fairino_msgs/msg/rosidl_generator_cpp__visibility_control.hpp
[8.763s] -- Installing: /home/yh_ros2/rus_back_end/install/fairino_msgs/include/fairino_msgs/fairino_msgs/msg/robot_nonrt_state.hpp
[8.764s] -- Up-to-date: /home/yh_ros2/rus_back_end/install/fairino_msgs/include/fairino_msgs/fairino_msgs/srv
[8.764s] -- Installing: /home/yh_ros2/rus_back_end/install/fairino_msgs/include/fairino_msgs/fairino_msgs/srv/remote_cmd_interface.hpp
[8.764s] -- Installing: /home/yh_ros2/rus_back_end/install/fairino_msgs/include/fairino_msgs/fairino_msgs/srv/remote_script_content.hpp
[8.764s] -- Up-to-date: /home/yh_ros2/rus_back_end/install/fairino_msgs/include/fairino_msgs/fairino_msgs/srv/detail
[8.764s] -- Installing: /home/yh_ros2/rus_back_end/install/fairino_msgs/include/fairino_msgs/fairino_msgs/srv/detail/remote_script_content__struct.hpp
[8.764s] -- Installing: /home/yh_ros2/rus_back_end/install/fairino_msgs/include/fairino_msgs/fairino_msgs/srv/detail/remote_cmd_interface__struct.hpp
[8.765s] -- Installing: /home/yh_ros2/rus_back_end/install/fairino_msgs/include/fairino_msgs/fairino_msgs/srv/detail/remote_script_content__type_support.hpp
[8.765s] -- Installing: /home/yh_ros2/rus_back_end/install/fairino_msgs/include/fairino_msgs/fairino_msgs/srv/detail/remote_script_content__traits.hpp
[8.765s] -- Installing: /home/yh_ros2/rus_back_end/install/fairino_msgs/include/fairino_msgs/fairino_msgs/srv/detail/remote_cmd_interface__builder.hpp
[8.765s] -- Installing: /home/yh_ros2/rus_back_end/install/fairino_msgs/include/fairino_msgs/fairino_msgs/srv/detail/remote_script_content__builder.hpp
[8.765s] -- Installing: /home/yh_ros2/rus_back_end/install/fairino_msgs/include/fairino_msgs/fairino_msgs/srv/detail/remote_cmd_interface__type_support.hpp
[8.766s] -- Installing: /home/yh_ros2/rus_back_end/install/fairino_msgs/include/fairino_msgs/fairino_msgs/srv/detail/remote_cmd_interface__traits.hpp
[8.766s] -- Up-to-date: /home/yh_ros2/rus_back_end/install/fairino_msgs/include/fairino_msgs/fairino_msgs
[8.766s] -- Up-to-date: /home/yh_ros2/rus_back_end/install/fairino_msgs/include/fairino_msgs/fairino_msgs/msg
[8.767s] -- Up-to-date: /home/yh_ros2/rus_back_end/install/fairino_msgs/include/fairino_msgs/fairino_msgs/msg/detail
[8.767s] -- Installing: /home/yh_ros2/rus_back_end/install/fairino_msgs/include/fairino_msgs/fairino_msgs/msg/detail/robot_nonrt_state__rosidl_typesupport_fastrtps_cpp.hpp
[8.767s] -- Installing: /home/yh_ros2/rus_back_end/install/fairino_msgs/include/fairino_msgs/fairino_msgs/msg/detail/dds_fastrtps
[8.767s] -- Installing: /home/yh_ros2/rus_back_end/install/fairino_msgs/include/fairino_msgs/fairino_msgs/msg/rosidl_typesupport_fastrtps_cpp__visibility_control.h
[8.768s] -- Up-to-date: /home/yh_ros2/rus_back_end/install/fairino_msgs/include/fairino_msgs/fairino_msgs/srv
[8.768s] -- Up-to-date: /home/yh_ros2/rus_back_end/install/fairino_msgs/include/fairino_msgs/fairino_msgs/srv/detail
[8.768s] -- Installing: /home/yh_ros2/rus_back_end/install/fairino_msgs/include/fairino_msgs/fairino_msgs/srv/detail/remote_cmd_interface__rosidl_typesupport_fastrtps_cpp.hpp
[8.768s] -- Installing: /home/yh_ros2/rus_back_end/install/fairino_msgs/include/fairino_msgs/fairino_msgs/srv/detail/dds_fastrtps
[8.768s] -- Installing: /home/yh_ros2/rus_back_end/install/fairino_msgs/include/fairino_msgs/fairino_msgs/srv/detail/remote_script_content__rosidl_typesupport_fastrtps_cpp.hpp
[8.769s] -- Installing: /home/yh_ros2/rus_back_end/install/fairino_msgs/lib/libfairino_msgs__rosidl_typesupport_fastrtps_cpp.so
[8.769s] -- Set runtime path of "/home/yh_ros2/rus_back_end/install/fairino_msgs/lib/libfairino_msgs__rosidl_typesupport_fastrtps_cpp.so" to ""
[8.770s] -- Up-to-date: /home/yh_ros2/rus_back_end/install/fairino_msgs/include/fairino_msgs/fairino_msgs
[8.770s] -- Up-to-date: /home/yh_ros2/rus_back_end/install/fairino_msgs/include/fairino_msgs/fairino_msgs/msg
[8.770s] -- Up-to-date: /home/yh_ros2/rus_back_end/install/fairino_msgs/include/fairino_msgs/fairino_msgs/msg/detail
[8.770s] -- Installing: /home/yh_ros2/rus_back_end/install/fairino_msgs/include/fairino_msgs/fairino_msgs/msg/detail/robot_nonrt_state__type_support.cpp
[8.771s] -- Installing: /home/yh_ros2/rus_back_end/install/fairino_msgs/include/fairino_msgs/fairino_msgs/msg/detail/robot_nonrt_state__rosidl_typesupport_introspection_cpp.hpp
[8.771s] -- Up-to-date: /home/yh_ros2/rus_back_end/install/fairino_msgs/include/fairino_msgs/fairino_msgs/srv
[8.771s] -- Up-to-date: /home/yh_ros2/rus_back_end/install/fairino_msgs/include/fairino_msgs/fairino_msgs/srv/detail
[8.771s] -- Installing: /home/yh_ros2/rus_back_end/install/fairino_msgs/include/fairino_msgs/fairino_msgs/srv/detail/remote_script_content__type_support.cpp
[8.771s] -- Installing: /home/yh_ros2/rus_back_end/install/fairino_msgs/include/fairino_msgs/fairino_msgs/srv/detail/remote_cmd_interface__rosidl_typesupport_introspection_cpp.hpp
[8.771s] -- Installing: /home/yh_ros2/rus_back_end/install/fairino_msgs/include/fairino_msgs/fairino_msgs/srv/detail/remote_script_content__rosidl_typesupport_introspection_cpp.hpp
[8.772s] -- Installing: /home/yh_ros2/rus_back_end/install/fairino_msgs/include/fairino_msgs/fairino_msgs/srv/detail/remote_cmd_interface__type_support.cpp
[8.772s] -- Installing: /home/yh_ros2/rus_back_end/install/fairino_msgs/lib/libfairino_msgs__rosidl_typesupport_introspection_cpp.so
[8.773s] -- Set runtime path of "/home/yh_ros2/rus_back_end/install/fairino_msgs/lib/libfairino_msgs__rosidl_typesupport_introspection_cpp.so" to ""
[8.773s] -- Installing: /home/yh_ros2/rus_back_end/install/fairino_msgs/lib/libfairino_msgs__rosidl_typesupport_cpp.so
[8.774s] -- Set runtime path of "/home/yh_ros2/rus_back_end/install/fairino_msgs/lib/libfairino_msgs__rosidl_typesupport_cpp.so" to ""
[8.774s] -- Installing: /home/yh_ros2/rus_back_end/install/fairino_msgs/share/fairino_msgs/environment/pythonpath.sh
[8.774s] -- Installing: /home/yh_ros2/rus_back_end/install/fairino_msgs/share/fairino_msgs/environment/pythonpath.dsv
[8.774s] -- Installing: /home/yh_ros2/rus_back_end/install/fairino_msgs/local/lib/python3.10/dist-packages/fairino_msgs-0.0.0-py3.10.egg-info
[8.777s] -- Installing: /home/yh_ros2/rus_back_end/install/fairino_msgs/local/lib/python3.10/dist-packages/fairino_msgs-0.0.0-py3.10.egg-info/PKG-INFO
[8.777s] -- Installing: /home/yh_ros2/rus_back_end/install/fairino_msgs/local/lib/python3.10/dist-packages/fairino_msgs-0.0.0-py3.10.egg-info/dependency_links.txt
[8.777s] -- Installing: /home/yh_ros2/rus_back_end/install/fairino_msgs/local/lib/python3.10/dist-packages/fairino_msgs-0.0.0-py3.10.egg-info/top_level.txt
[8.778s] -- Installing: /home/yh_ros2/rus_back_end/install/fairino_msgs/local/lib/python3.10/dist-packages/fairino_msgs-0.0.0-py3.10.egg-info/SOURCES.txt
[8.778s] -- Installing: /home/yh_ros2/rus_back_end/install/fairino_msgs/local/lib/python3.10/dist-packages/fairino_msgs
[8.778s] -- Installing: /home/yh_ros2/rus_back_end/install/fairino_msgs/local/lib/python3.10/dist-packages/fairino_msgs/libfairino_msgs__rosidl_generator_py.so
[8.779s] -- Installing: /home/yh_ros2/rus_back_end/install/fairino_msgs/local/lib/python3.10/dist-packages/fairino_msgs/fairino_msgs_s__rosidl_typesupport_fastrtps_c.cpython-310-x86_64-linux-gnu.so
[8.779s] -- Installing: /home/yh_ros2/rus_back_end/install/fairino_msgs/local/lib/python3.10/dist-packages/fairino_msgs/msg
[8.780s] -- Installing: /home/yh_ros2/rus_back_end/install/fairino_msgs/local/lib/python3.10/dist-packages/fairino_msgs/msg/_robot_nonrt_state_s.c
[8.780s] -- Installing: /home/yh_ros2/rus_back_end/install/fairino_msgs/local/lib/python3.10/dist-packages/fairino_msgs/msg/_robot_nonrt_state.py
[8.781s] -- Installing: /home/yh_ros2/rus_back_end/install/fairino_msgs/local/lib/python3.10/dist-packages/fairino_msgs/msg/__init__.py
[8.781s] -- Installing: /home/yh_ros2/rus_back_end/install/fairino_msgs/local/lib/python3.10/dist-packages/fairino_msgs/fairino_msgs_s__rosidl_typesupport_c.cpython-310-x86_64-linux-gnu.so
[8.781s] -- Installing: /home/yh_ros2/rus_back_end/install/fairino_msgs/local/lib/python3.10/dist-packages/fairino_msgs/_fairino_msgs_s.ep.rosidl_typesupport_introspection_c.c
[8.782s] -- Installing: /home/yh_ros2/rus_back_end/install/fairino_msgs/local/lib/python3.10/dist-packages/fairino_msgs/_fairino_msgs_s.ep.rosidl_typesupport_fastrtps_c.c
[8.782s] -- Installing: /home/yh_ros2/rus_back_end/install/fairino_msgs/local/lib/python3.10/dist-packages/fairino_msgs/srv
[8.782s] -- Installing: /home/yh_ros2/rus_back_end/install/fairino_msgs/local/lib/python3.10/dist-packages/fairino_msgs/srv/_remote_cmd_interface_s.c
[8.783s] -- Installing: /home/yh_ros2/rus_back_end/install/fairino_msgs/local/lib/python3.10/dist-packages/fairino_msgs/srv/_remote_cmd_interface.py
[8.783s] -- Installing: /home/yh_ros2/rus_back_end/install/fairino_msgs/local/lib/python3.10/dist-packages/fairino_msgs/srv/__init__.py
[8.783s] -- Installing: /home/yh_ros2/rus_back_end/install/fairino_msgs/local/lib/python3.10/dist-packages/fairino_msgs/srv/_remote_script_content.py
[8.783s] -- Installing: /home/yh_ros2/rus_back_end/install/fairino_msgs/local/lib/python3.10/dist-packages/fairino_msgs/srv/_remote_script_content_s.c
[8.783s] -- Installing: /home/yh_ros2/rus_back_end/install/fairino_msgs/local/lib/python3.10/dist-packages/fairino_msgs/__init__.py
[8.784s] -- Installing: /home/yh_ros2/rus_back_end/install/fairino_msgs/local/lib/python3.10/dist-packages/fairino_msgs/_fairino_msgs_s.ep.rosidl_typesupport_c.c
[8.784s] -- Installing: /home/yh_ros2/rus_back_end/install/fairino_msgs/local/lib/python3.10/dist-packages/fairino_msgs/fairino_msgs_s__rosidl_typesupport_introspection_c.cpython-310-x86_64-linux-gnu.so
[8.840s] Listing '/home/yh_ros2/rus_back_end/install/fairino_msgs/local/lib/python3.10/dist-packages/fairino_msgs'...
[8.840s] Compiling '/home/yh_ros2/rus_back_end/install/fairino_msgs/local/lib/python3.10/dist-packages/fairino_msgs/__init__.py'...
[8.840s] Listing '/home/yh_ros2/rus_back_end/install/fairino_msgs/local/lib/python3.10/dist-packages/fairino_msgs/msg'...
[8.840s] Compiling '/home/yh_ros2/rus_back_end/install/fairino_msgs/local/lib/python3.10/dist-packages/fairino_msgs/msg/__init__.py'...
[8.840s] Compiling '/home/yh_ros2/rus_back_end/install/fairino_msgs/local/lib/python3.10/dist-packages/fairino_msgs/msg/_robot_nonrt_state.py'...
[8.840s] Listing '/home/yh_ros2/rus_back_end/install/fairino_msgs/local/lib/python3.10/dist-packages/fairino_msgs/srv'...
[8.840s] Compiling '/home/yh_ros2/rus_back_end/install/fairino_msgs/local/lib/python3.10/dist-packages/fairino_msgs/srv/__init__.py'...
[8.840s] Compiling '/home/yh_ros2/rus_back_end/install/fairino_msgs/local/lib/python3.10/dist-packages/fairino_msgs/srv/_remote_cmd_interface.py'...
[8.840s] Compiling '/home/yh_ros2/rus_back_end/install/fairino_msgs/local/lib/python3.10/dist-packages/fairino_msgs/srv/_remote_script_content.py'...
[8.846s] -- Installing: /home/yh_ros2/rus_back_end/install/fairino_msgs/local/lib/python3.10/dist-packages/fairino_msgs/fairino_msgs_s__rosidl_typesupport_fastrtps_c.cpython-310-x86_64-linux-gnu.so
[8.846s] -- Set runtime path of "/home/yh_ros2/rus_back_end/install/fairino_msgs/local/lib/python3.10/dist-packages/fairino_msgs/fairino_msgs_s__rosidl_typesupport_fastrtps_c.cpython-310-x86_64-linux-gnu.so" to ""
[8.846s] -- Installing: /home/yh_ros2/rus_back_end/install/fairino_msgs/local/lib/python3.10/dist-packages/fairino_msgs/fairino_msgs_s__rosidl_typesupport_introspection_c.cpython-310-x86_64-linux-gnu.so
[8.847s] -- Set runtime path of "/home/yh_ros2/rus_back_end/install/fairino_msgs/local/lib/python3.10/dist-packages/fairino_msgs/fairino_msgs_s__rosidl_typesupport_introspection_c.cpython-310-x86_64-linux-gnu.so" to ""
[8.847s] -- Installing: /home/yh_ros2/rus_back_end/install/fairino_msgs/local/lib/python3.10/dist-packages/fairino_msgs/fairino_msgs_s__rosidl_typesupport_c.cpython-310-x86_64-linux-gnu.so
[8.848s] -- Set runtime path of "/home/yh_ros2/rus_back_end/install/fairino_msgs/local/lib/python3.10/dist-packages/fairino_msgs/fairino_msgs_s__rosidl_typesupport_c.cpython-310-x86_64-linux-gnu.so" to ""
[8.848s] -- Installing: /home/yh_ros2/rus_back_end/install/fairino_msgs/lib/libfairino_msgs__rosidl_generator_py.so
[8.848s] -- Set runtime path of "/home/yh_ros2/rus_back_end/install/fairino_msgs/lib/libfairino_msgs__rosidl_generator_py.so" to ""
[8.849s] -- Installing: /home/yh_ros2/rus_back_end/install/fairino_msgs/share/fairino_msgs/srv/RemoteCmdInterface.idl
[8.849s] -- Installing: /home/yh_ros2/rus_back_end/install/fairino_msgs/share/fairino_msgs/srv/RemoteScriptContent.idl
[8.850s] -- Installing: /home/yh_ros2/rus_back_end/install/fairino_msgs/share/fairino_msgs/msg/RobotNonrtState.idl
[8.850s] -- Installing: /home/yh_ros2/rus_back_end/install/fairino_msgs/share/fairino_msgs/srv/RemoteCmdInterface.srv
[8.850s] -- Installing: /home/yh_ros2/rus_back_end/install/fairino_msgs/share/fairino_msgs/srv/RemoteCmdInterface_Request.msg
[8.851s] -- Installing: /home/yh_ros2/rus_back_end/install/fairino_msgs/share/fairino_msgs/srv/RemoteCmdInterface_Response.msg
[8.851s] -- Installing: /home/yh_ros2/rus_back_end/install/fairino_msgs/share/fairino_msgs/srv/RemoteScriptContent.srv
[8.851s] -- Installing: /home/yh_ros2/rus_back_end/install/fairino_msgs/share/fairino_msgs/srv/RemoteScriptContent_Request.msg
[8.851s] -- Installing: /home/yh_ros2/rus_back_end/install/fairino_msgs/share/fairino_msgs/srv/RemoteScriptContent_Response.msg
[8.851s] -- Installing: /home/yh_ros2/rus_back_end/install/fairino_msgs/share/fairino_msgs/msg/RobotNonrtState.msg
[8.852s] -- Installing: /home/yh_ros2/rus_back_end/install/fairino_msgs/share/ament_index/resource_index/package_run_dependencies/fairino_msgs
[8.853s] -- Installing: /home/yh_ros2/rus_back_end/install/fairino_msgs/share/ament_index/resource_index/parent_prefix_path/fairino_msgs
[8.853s] -- Installing: /home/yh_ros2/rus_back_end/install/fairino_msgs/share/fairino_msgs/environment/ament_prefix_path.sh
[8.853s] -- Installing: /home/yh_ros2/rus_back_end/install/fairino_msgs/share/fairino_msgs/environment/ament_prefix_path.dsv
[8.853s] -- Installing: /home/yh_ros2/rus_back_end/install/fairino_msgs/share/fairino_msgs/environment/path.sh
[8.854s] -- Installing: /home/yh_ros2/rus_back_end/install/fairino_msgs/share/fairino_msgs/environment/path.dsv
[8.854s] -- Installing: /home/yh_ros2/rus_back_end/install/fairino_msgs/share/fairino_msgs/local_setup.bash
[8.854s] -- Installing: /home/yh_ros2/rus_back_end/install/fairino_msgs/share/fairino_msgs/local_setup.sh
[8.854s] -- Installing: /home/yh_ros2/rus_back_end/install/fairino_msgs/share/fairino_msgs/local_setup.zsh
[8.855s] -- Installing: /home/yh_ros2/rus_back_end/install/fairino_msgs/share/fairino_msgs/local_setup.dsv
[8.855s] -- Installing: /home/yh_ros2/rus_back_end/install/fairino_msgs/share/fairino_msgs/package.dsv
[8.856s] -- Installing: /home/yh_ros2/rus_back_end/install/fairino_msgs/share/ament_index/resource_index/packages/fairino_msgs
[8.856s] -- Installing: /home/yh_ros2/rus_back_end/install/fairino_msgs/share/fairino_msgs/cmake/export_fairino_msgs__rosidl_generator_cExport.cmake
[8.856s] -- Installing: /home/yh_ros2/rus_back_end/install/fairino_msgs/share/fairino_msgs/cmake/export_fairino_msgs__rosidl_generator_cExport-noconfig.cmake
[8.857s] -- Installing: /home/yh_ros2/rus_back_end/install/fairino_msgs/share/fairino_msgs/cmake/export_fairino_msgs__rosidl_typesupport_fastrtps_cExport.cmake
[8.857s] -- Installing: /home/yh_ros2/rus_back_end/install/fairino_msgs/share/fairino_msgs/cmake/export_fairino_msgs__rosidl_typesupport_fastrtps_cExport-noconfig.cmake
[8.857s] -- Installing: /home/yh_ros2/rus_back_end/install/fairino_msgs/share/fairino_msgs/cmake/fairino_msgs__rosidl_typesupport_introspection_cExport.cmake
[8.857s] -- Installing: /home/yh_ros2/rus_back_end/install/fairino_msgs/share/fairino_msgs/cmake/fairino_msgs__rosidl_typesupport_introspection_cExport-noconfig.cmake
[8.858s] -- Installing: /home/yh_ros2/rus_back_end/install/fairino_msgs/share/fairino_msgs/cmake/fairino_msgs__rosidl_typesupport_cExport.cmake
[8.858s] -- Installing: /home/yh_ros2/rus_back_end/install/fairino_msgs/share/fairino_msgs/cmake/fairino_msgs__rosidl_typesupport_cExport-noconfig.cmake
[8.858s] -- Installing: /home/yh_ros2/rus_back_end/install/fairino_msgs/share/fairino_msgs/cmake/export_fairino_msgs__rosidl_generator_cppExport.cmake
[8.859s] -- Installing: /home/yh_ros2/rus_back_end/install/fairino_msgs/share/fairino_msgs/cmake/export_fairino_msgs__rosidl_typesupport_fastrtps_cppExport.cmake
[8.859s] -- Installing: /home/yh_ros2/rus_back_end/install/fairino_msgs/share/fairino_msgs/cmake/export_fairino_msgs__rosidl_typesupport_fastrtps_cppExport-noconfig.cmake
[8.859s] -- Installing: /home/yh_ros2/rus_back_end/install/fairino_msgs/share/fairino_msgs/cmake/fairino_msgs__rosidl_typesupport_introspection_cppExport.cmake
[8.859s] -- Installing: /home/yh_ros2/rus_back_end/install/fairino_msgs/share/fairino_msgs/cmake/fairino_msgs__rosidl_typesupport_introspection_cppExport-noconfig.cmake
[8.860s] -- Installing: /home/yh_ros2/rus_back_end/install/fairino_msgs/share/fairino_msgs/cmake/fairino_msgs__rosidl_typesupport_cppExport.cmake
[8.860s] -- Installing: /home/yh_ros2/rus_back_end/install/fairino_msgs/share/fairino_msgs/cmake/fairino_msgs__rosidl_typesupport_cppExport-noconfig.cmake
[8.860s] -- Installing: /home/yh_ros2/rus_back_end/install/fairino_msgs/share/fairino_msgs/cmake/export_fairino_msgs__rosidl_generator_pyExport.cmake
[8.860s] -- Installing: /home/yh_ros2/rus_back_end/install/fairino_msgs/share/fairino_msgs/cmake/export_fairino_msgs__rosidl_generator_pyExport-noconfig.cmake
[8.861s] -- Installing: /home/yh_ros2/rus_back_end/install/fairino_msgs/share/fairino_msgs/cmake/rosidl_cmake-extras.cmake
[8.861s] -- Installing: /home/yh_ros2/rus_back_end/install/fairino_msgs/share/fairino_msgs/cmake/ament_cmake_export_include_directories-extras.cmake
[8.861s] -- Installing: /home/yh_ros2/rus_back_end/install/fairino_msgs/share/fairino_msgs/cmake/ament_cmake_export_libraries-extras.cmake
[8.861s] -- Installing: /home/yh_ros2/rus_back_end/install/fairino_msgs/share/fairino_msgs/cmake/ament_cmake_export_targets-extras.cmake
[8.862s] -- Installing: /home/yh_ros2/rus_back_end/install/fairino_msgs/share/fairino_msgs/cmake/rosidl_cmake_export_typesupport_targets-extras.cmake
[8.862s] -- Installing: /home/yh_ros2/rus_back_end/install/fairino_msgs/share/fairino_msgs/cmake/ament_cmake_export_dependencies-extras.cmake
[8.862s] -- Installing: /home/yh_ros2/rus_back_end/install/fairino_msgs/share/fairino_msgs/cmake/rosidl_cmake_export_typesupport_libraries-extras.cmake
[8.862s] -- Installing: /home/yh_ros2/rus_back_end/install/fairino_msgs/share/fairino_msgs/cmake/fairino_msgsConfig.cmake
[8.862s] -- Installing: /home/yh_ros2/rus_back_end/install/fairino_msgs/share/fairino_msgs/cmake/fairino_msgsConfig-version.cmake
[8.863s] -- Installing: /home/yh_ros2/rus_back_end/install/fairino_msgs/share/fairino_msgs/package.xml
[8.867s] Invoked command in '/home/yh_ros2/rus_back_end/build/fairino_msgs' returned '0': CMAKE_PREFIX_PATH=/opt/ros/humble /usr/bin/cmake --install /home/yh_ros2/rus_back_end/build/fairino_msgs
